<?xml version="1.0" encoding="UTF-8"?>
<testsuite xmlns:xsi="http://www.w3.org/2001/XMLSchema-instance" xsi:noNamespaceSchemaLocation="https://maven.apache.org/surefire/maven-surefire-plugin/xsd/surefire-test-report-3.0.xsd" version="3.0" name="com.FlickFlow.FlickFlow.FlickFlowApplicationTests" time="8.319" tests="1" errors="0" skipped="0" failures="0">
  <properties>
[...]
</properties>
  <testcase name="contextLoads" classname="com.FlickFlow.FlickFlow.FlickFlowApplicationTests" time="0.59">
    <system-out><![CDATA[13:36:25.074 [main] INFO org.springframework.test.context.support.AnnotationConfigContextLoaderUtils -- Could not detect default configuration classes for test class [com.FlickFlow.FlickFlow.FlickFlowApplicationTests]: FlickFlowApplicationTests does not declare any static, non-private, non-final, nested classes annotated with @Configuration.
13:36:25.206 [main] INFO org.springframework.boot.test.context.SpringBootTestContextBootstrapper -- Found @SpringBootConfiguration com.FlickFlow.FlickFlow.FlickFlowApplication for test class com.FlickFlow.FlickFlow.FlickFlowApplicationTests

  .   ____          _            __ _ _
 /\\ / ___'_ __ _ _(_)_ __  __ _ \ \ \ \
( ( )\___ | '_ | '_| | '_ \/ _` | \ \ \ \
 \\/  ___)| |_)| | | | | || (_| |  ) ) ) )
  '  |____| .__|_| |_|_| |_\__, | / / / /
 =========|_|==============|___/=/_/_/_/

 :: Spring Boot ::                (v3.3.2)

2024-09-04T13:36:25.709+01:00  INFO 6548 --- [FlickFlow] [           main] c.F.FlickFlow.FlickFlowApplicationTests  : Starting FlickFlowApplicationTests using Java 19.0.1 with PID 6548 (started by amara in C:\Users\amara\IdeaProjects\FlickFlow\auth-service)
2024-09-04T13:36:25.711+01:00  INFO 6548 --- [FlickFlow] [           main] c.F.FlickFlow.FlickFlowApplicationTests  : No active profile set, falling back to 1 default profile: "default"
2024-09-04T13:36:26.781+01:00  INFO 6548 --- [FlickFlow] [           main] .s.d.r.c.RepositoryConfigurationDelegate : Multiple Spring Data modules found, entering strict repository configuration mode
2024-09-04T13:36:26.783+01:00  INFO 6548 --- [FlickFlow] [           main] .s.d.r.c.RepositoryConfigurationDelegate : Bootstrapping Spring Data JPA repositories in DEFAULT mode.
2024-09-04T13:36:26.995+01:00  INFO 6548 --- [FlickFlow] [           main] .s.d.r.c.RepositoryConfigurationDelegate : Finished Spring Data repository scanning in 201 ms. Found 2 JPA repository interfaces.
2024-09-04T13:36:27.020+01:00  INFO 6548 --- [FlickFlow] [           main] .s.d.r.c.RepositoryConfigurationDelegate : Multiple Spring Data modules found, entering strict repository configuration mode
2024-09-04T13:36:27.021+01:00  INFO 6548 --- [FlickFlow] [           main] .s.d.r.c.RepositoryConfigurationDelegate : Bootstrapping Spring Data Redis repositories in DEFAULT mode.
2024-09-04T13:36:27.037+01:00  INFO 6548 --- [FlickFlow] [           main] .RepositoryConfigurationExtensionSupport : Spring Data Redis - Could not safely identify store assignment for repository candidate interface com.FlickFlow.FlickFlow.user.repository.SessionRepository; If you want this repository to be a Redis repository, consider annotating your entities with one of these annotations: org.springframework.data.redis.core.RedisHash (preferred), or consider extending one of the following types with your repository: org.springframework.data.keyvalue.repository.KeyValueRepository
2024-09-04T13:36:27.037+01:00  INFO 6548 --- [FlickFlow] [           main] .RepositoryConfigurationExtensionSupport : Spring Data Redis - Could not safely identify store assignment for repository candidate interface com.FlickFlow.FlickFlow.user.repository.userRepository; If you want this repository to be a Redis repository, consider annotating your entities with one of these annotations: org.springframework.data.redis.core.RedisHash (preferred), or consider extending one of the following types with your repository: org.springframework.data.keyvalue.repository.KeyValueRepository
2024-09-04T13:36:27.037+01:00  INFO 6548 --- [FlickFlow] [           main] .s.d.r.c.RepositoryConfigurationDelegate : Finished Spring Data repository scanning in 8 ms. Found 0 Redis repository interfaces.
2024-09-04T13:36:27.662+01:00  INFO 6548 --- [FlickFlow] [           main] o.hibernate.jpa.internal.util.LogHelper  : HHH000204: Processing PersistenceUnitInfo [name: default]
2024-09-04T13:36:27.766+01:00  INFO 6548 --- [FlickFlow] [           main] org.hibernate.Version                    : HHH000412: Hibernate ORM core version 6.5.2.Final
2024-09-04T13:36:27.810+01:00  INFO 6548 --- [FlickFlow] [           main] o.h.c.internal.RegionFactoryInitiator    : HHH000026: Second-level cache disabled
2024-09-04T13:36:28.285+01:00  INFO 6548 --- [FlickFlow] [           main] o.s.o.j.p.SpringPersistenceUnitInfo      : No LoadTimeWeaver setup: ignoring JPA class transformer
2024-09-04T13:36:28.316+01:00  INFO 6548 --- [FlickFlow] [           main] com.zaxxer.hikari.HikariDataSource       : HikariPool-1 - Starting...
2024-09-04T13:36:28.718+01:00  INFO 6548 --- [FlickFlow] [           main] com.zaxxer.hikari.pool.HikariPool        : HikariPool-1 - Added connection com.mysql.cj.jdbc.ConnectionImpl@54387873
2024-09-04T13:36:28.721+01:00  INFO 6548 --- [FlickFlow] [           main] com.zaxxer.hikari.HikariDataSource       : HikariPool-1 - Start completed.
2024-09-04T13:36:28.804+01:00  WARN 6548 --- [FlickFlow] [           main] org.hibernate.orm.deprecation            : HHH90000025: MySQL8Dialect does not need to be specified explicitly using 'hibernate.dialect' (remove the property setting and it will be selected by default)
2024-09-04T13:36:28.805+01:00  WARN 6548 --- [FlickFlow] [           main] org.hibernate.orm.deprecation            : HHH90000026: MySQL8Dialect has been deprecated; use org.hibernate.dialect.MySQLDialect instead
2024-09-04T13:36:30.383+01:00  INFO 6548 --- [FlickFlow] [           main] o.h.e.t.j.p.i.JtaPlatformInitiator       : HHH000489: No JTA platform available (set 'hibernate.transaction.jta.platform' to enable JTA platform integration)
2024-09-04T13:36:30.503+01:00  INFO 6548 --- [FlickFlow] [           main] j.LocalContainerEntityManagerFactoryBean : Initialized JPA EntityManagerFactory for persistence unit 'default'
2024-09-04T13:36:30.955+01:00  INFO 6548 --- [FlickFlow] [           main] o.s.d.j.r.query.QueryEnhancerFactory     : Hibernate is in classpath; If applicable, HQL parser will be used.
2024-09-04T13:36:31.346+01:00  INFO 6548 --- [FlickFlow] [           main] r$InitializeUserDetailsManagerConfigurer : Global AuthenticationManager configured with UserDetailsService bean with name myUserDetailsService
2024-09-04T13:36:31.413+01:00  WARN 6548 --- [FlickFlow] [           main] JpaBaseConfiguration$JpaWebConfiguration : spring.jpa.open-in-view is enabled by default. Therefore, database queries may be performed during view rendering. Explicitly configure spring.jpa.open-in-view to disable this warning
2024-09-04T13:36:31.785+01:00 DEBUG 6548 --- [FlickFlow] [           main] o.s.s.web.DefaultSecurityFilterChain     : Will secure any request with filters: DisableEncodeUrlFilter, WebAsyncManagerIntegrationFilter, SecurityContextHolderFilter, HeaderWriterFilter, CorsFilter, LogoutFilter, JwtRequestFilter, RequestCacheAwareFilter, SecurityContextHolderAwareRequestFilter, AnonymousAuthenticationFilter, ExceptionTranslationFilter, AuthorizationFilter
2024-09-04T13:36:32.567+01:00  INFO 6548 --- [FlickFlow] [           main] c.F.FlickFlow.FlickFlowApplicationTests  : Started FlickFlowApplicationTests in 7.19 seconds (process running for 8.317)
]]></system-out>
  </testcase>
</testsuite>